<?xml version="1.0" encoding="UTF-8" ?>
<testsuite tests="5" failures="0" name="edu.eci.cvds.tdd.registry.RegistryTest" time="0.002" errors="0" skipped="0">
  <properties>
    <property name="java.runtime.name" value="Java(TM) SE Runtime Environment"/>
    <property name="java.vm.version" value="11.0.16+11-LTS-199"/>
    <property name="sun.boot.library.path" value="C:\Program Files\Java\jdk-11.0.16\bin"/>
    <property name="maven.multiModuleProjectDirectory" value="C:\Users\whate\OneDrive\Documentos\2023-1\CVDS\LAB3\ClasesEquivalencia"/>
    <property name="java.vm.vendor" value="Oracle Corporation"/>
    <property name="java.vendor.url" value="https://openjdk.java.net/"/>
    <property name="guice.disable.misplaced.annotation.check" value="true"/>
    <property name="path.separator" value=";"/>
    <property name="java.vm.name" value="Java HotSpot(TM) 64-Bit Server VM"/>
    <property name="sun.os.patch.level" value=""/>
    <property name="user.script" value=""/>
    <property name="user.country" value="CO"/>
    <property name="sun.java.launcher" value="SUN_STANDARD"/>
    <property name="java.vm.specification.name" value="Java Virtual Machine Specification"/>
    <property name="user.dir" value="C:\Users\whate\OneDrive\Documentos\2023-1\CVDS\LAB3\ClasesEquivalencia"/>
    <property name="java.vm.compressedOopsMode" value="32-bit"/>
    <property name="java.runtime.version" value="11.0.16+11-LTS-199"/>
    <property name="java.awt.graphicsenv" value="sun.awt.Win32GraphicsEnvironment"/>
    <property name="os.arch" value="amd64"/>
    <property name="java.io.tmpdir" value="C:\Users\whate\AppData\Local\Temp\"/>
    <property name="line.separator" value="
"/>
    <property name="java.vm.specification.vendor" value="Oracle Corporation"/>
    <property name="user.variant" value=""/>
    <property name="os.name" value="Windows 11"/>
    <property name="classworlds.conf" value="C:\Users\whate\Downloads\apache-maven-3.8.7-bin\apache-maven-3.8.7\bin\m2.conf"/>
    <property name="sun.jnu.encoding" value="Cp1252"/>
    <property name="java.library.path" value="C:\Program Files\Java\jdk-11.0.16\bin;C:\windows\Sun\Java\bin;C:\windows\system32;C:\windows;C:\Program Files\Common Files\Oracle\Java\javapath;C:\windows\system32;C:\windows;C:\windows\System32\Wbem;C:\windows\System32\WindowsPowerShell\v1.0\;C:\windows\System32\OpenSSH\;C:\Program Files\Git\cmd;D:\PROGRAMAS\PuTTY\;C:\MinGW\bin;C:\msys64;C:\Users\whate\Downloads\apache-maven-3.8.7-bin\apache-maven-3.8.7\bin;C:\Users\whate\AppData\Local\Microsoft\WindowsApps;D:\PROGRAMAS\Microsoft VS Code\bin;C:\Users\whate\AppData\Local\GitHubDesktop\bin;C:\Users\whate\AppData\Local\Programs\Microsoft VS Code\bin;."/>
    <property name="maven.conf" value="C:\Users\whate\Downloads\apache-maven-3.8.7-bin\apache-maven-3.8.7/conf"/>
    <property name="jdk.debug" value="release"/>
    <property name="java.class.version" value="55.0"/>
    <property name="java.specification.name" value="Java Platform API Specification"/>
    <property name="sun.management.compiler" value="HotSpot 64-Bit Tiered Compilers"/>
    <property name="os.version" value="10.0"/>
    <property name="library.jansi.path" value="C:\Users\whate\Downloads\apache-maven-3.8.7-bin\apache-maven-3.8.7\lib\jansi-native"/>
    <property name="user.home" value="C:\Users\whate"/>
    <property name="user.timezone" value="America/Bogota"/>
    <property name="java.awt.printerjob" value="sun.awt.windows.WPrinterJob"/>
    <property name="file.encoding" value="Cp1252"/>
    <property name="java.specification.version" value="11"/>
    <property name="user.name" value="whate"/>
    <property name="java.class.path" value="C:\Users\whate\Downloads\apache-maven-3.8.7-bin\apache-maven-3.8.7\boot\plexus-classworlds-2.6.0.jar"/>
    <property name="java.vm.specification.version" value="11"/>
    <property name="sun.arch.data.model" value="64"/>
    <property name="sun.java.command" value="org.codehaus.plexus.classworlds.launcher.Launcher package"/>
    <property name="java.home" value="C:\Program Files\Java\jdk-11.0.16"/>
    <property name="user.language" value="es"/>
    <property name="java.specification.vendor" value="Oracle Corporation"/>
    <property name="awt.toolkit" value="sun.awt.windows.WToolkit"/>
    <property name="java.vm.info" value="mixed mode"/>
    <property name="java.version" value="11.0.16"/>
    <property name="java.vendor" value="Oracle Corporation"/>
    <property name="sun.stderr.encoding" value="cp850"/>
    <property name="maven.home" value="C:\Users\whate\Downloads\apache-maven-3.8.7-bin\apache-maven-3.8.7"/>
    <property name="file.separator" value="\"/>
    <property name="java.version.date" value="2022-07-19"/>
    <property name="java.vendor.url.bug" value="https://bugreport.java.com/bugreport/"/>
    <property name="sun.io.unicode.encoding" value="UnicodeLittle"/>
    <property name="sun.cpu.endian" value="little"/>
    <property name="java.vendor.version" value="18.9"/>
    <property name="sun.stdout.encoding" value="cp850"/>
    <property name="sun.desktop" value="windows"/>
    <property name="sun.cpu.isalist" value="amd64"/>
  </properties>
  <testcase classname="edu.eci.cvds.tdd.registry.RegistryTest" name="shouldNotBeValidForInvalidAge" time="0.002"/>
  <testcase classname="edu.eci.cvds.tdd.registry.RegistryTest" name="shouldNotBeValidForAge" time="0"/>
  <testcase classname="edu.eci.cvds.tdd.registry.RegistryTest" name="shouldNotBeValidForDeath" time="0"/>
  <testcase classname="edu.eci.cvds.tdd.registry.RegistryTest" name="validateRegistryResult" time="0"/>
  <testcase classname="edu.eci.cvds.tdd.registry.RegistryTest" name="shouldNotBeValidForDuplicate" time="0"/>
</testsuite>