<?xml version="1.0" encoding="UTF-8"?>
<testsuite xmlns:xsi="http://www.w3.org/2001/XMLSchema-instance" xsi:noNamespaceSchemaLocation="https://maven.apache.org/surefire/maven-surefire-plugin/xsd/surefire-test-report-3.0.xsd" version="3.0" name="edu.eci.cvds.tdd.registry.RegistryTest" time="0.024" tests="5" errors="0" skipped="0" failures="0">
  <properties>
    <property name="java.specification.version" value="15"/>
    <property name="sun.cpu.isalist" value="amd64"/>
    <property name="sun.jnu.encoding" value="Cp1252"/>
    <property name="java.class.path" value="D:\documentos\2023\CVDS\lab3\cvds-lab3\ClasesEquivalencia\target\test-classes;D:\documentos\2023\CVDS\lab3\cvds-lab3\ClasesEquivalencia\target\classes;C:\Users\David\.m2\repository\junit\junit\4.13.2\junit-4.13.2.jar;C:\Users\David\.m2\repository\org\hamcrest\hamcrest-core\1.3\hamcrest-core-1.3.jar;C:\Users\David\.m2\repository\foundation\icon\javaee-scorex\0.5.3\javaee-scorex-0.5.3.jar;"/>
    <property name="java.vm.vendor" value="Oracle Corporation"/>
    <property name="sun.arch.data.model" value="64"/>
    <property name="user.variant" value=""/>
    <property name="java.vendor.url" value="https://java.oracle.com/"/>
    <property name="user.timezone" value="America/Bogota"/>
    <property name="os.name" value="Windows 10"/>
    <property name="java.vm.specification.version" value="15"/>
    <property name="sun.java.launcher" value="SUN_STANDARD"/>
    <property name="user.country" value="419"/>
    <property name="sun.boot.library.path" value="C:\Program Files\Java\jdk-15.0.2\bin"/>
    <property name="sun.java.command" value="C:\Users\David\AppData\Local\Temp\surefire10208727061846996960\surefirebooter-20230213123358343_3.jar C:\Users\David\AppData\Local\Temp\surefire10208727061846996960 2023-02-13T12-33-58_018-jvmRun1 surefire-20230213123358343_1tmp surefire_0-20230213123358343_2tmp"/>
    <property name="jdk.debug" value="release"/>
    <property name="surefire.test.class.path" value="D:\documentos\2023\CVDS\lab3\cvds-lab3\ClasesEquivalencia\target\test-classes;D:\documentos\2023\CVDS\lab3\cvds-lab3\ClasesEquivalencia\target\classes;C:\Users\David\.m2\repository\junit\junit\4.13.2\junit-4.13.2.jar;C:\Users\David\.m2\repository\org\hamcrest\hamcrest-core\1.3\hamcrest-core-1.3.jar;C:\Users\David\.m2\repository\foundation\icon\javaee-scorex\0.5.3\javaee-scorex-0.5.3.jar;"/>
    <property name="sun.cpu.endian" value="little"/>
    <property name="user.home" value="C:\Users\David"/>
    <property name="user.language" value="es"/>
    <property name="java.specification.vendor" value="Oracle Corporation"/>
    <property name="java.version.date" value="2021-01-19"/>
    <property name="java.home" value="C:\Program Files\Java\jdk-15.0.2"/>
    <property name="file.separator" value="\"/>
    <property name="basedir" value="D:\documentos\2023\CVDS\lab3\cvds-lab3\ClasesEquivalencia"/>
    <property name="java.vm.compressedOopsMode" value="Zero based"/>
    <property name="line.separator" value="&#10;"/>
    <property name="java.vm.specification.vendor" value="Oracle Corporation"/>
    <property name="java.specification.name" value="Java Platform API Specification"/>
    <property name="surefire.real.class.path" value="C:\Users\David\AppData\Local\Temp\surefire10208727061846996960\surefirebooter-20230213123358343_3.jar"/>
    <property name="user.script" value=""/>
    <property name="sun.management.compiler" value="HotSpot 64-Bit Tiered Compilers"/>
    <property name="java.runtime.version" value="15.0.2+7-27"/>
    <property name="user.name" value="David"/>
    <property name="path.separator" value=";"/>
    <property name="os.version" value="10.0"/>
    <property name="java.runtime.name" value="Java(TM) SE Runtime Environment"/>
    <property name="file.encoding" value="Cp1252"/>
    <property name="java.vm.name" value="Java HotSpot(TM) 64-Bit Server VM"/>
    <property name="localRepository" value="C:\Users\David\.m2\repository"/>
    <property name="java.vendor.url.bug" value="https://bugreport.java.com/bugreport/"/>
    <property name="java.io.tmpdir" value="C:\Users\David\AppData\Local\Temp\"/>
    <property name="java.version" value="15.0.2"/>
    <property name="user.dir" value="D:\documentos\2023\CVDS\lab3\cvds-lab3\ClasesEquivalencia"/>
    <property name="os.arch" value="amd64"/>
    <property name="java.vm.specification.name" value="Java Virtual Machine Specification"/>
    <property name="sun.os.patch.level" value=""/>
    <property name="java.library.path" value="C:\Program Files\Java\jdk-15.0.2\bin;C:\Windows\Sun\Java\bin;C:\Windows\system32;C:\Windows;C:\Program Files\Common Files\Oracle\Java\javapath;C:\Program Files (x86)\Common Files\Oracle\Java\javapath;C:\Windows\system32;C:\Windows;C:\Windows\System32\Wbem;C:\Windows\System32\WindowsPowerShell\v1.0\;C:\Windows\System32\OpenSSH\;C:\Program Files\NVIDIA Corporation\NVIDIA NvDLISR;C:\Program Files\Crucial\Crucial Storage Executive;C:\Program Files\Intel\WiFi\bin\;C:\Program Files\Common Files\Intel\WirelessCommon\;C:\Program Files (x86)\NVIDIA Corporation\PhysX\Common;C:\Program Files\Wolfram Research\WolframScript\;C:\Program Files\Microsoft SQL Server\120\Tools\Binn\;C:\Program Files\Git\cmd;C:\Users\David\AppData\Local\Microsoft\WindowsApps;C:\Program Files\Intel\WiFi\bin\;C:\Program Files\Common Files\Intel\WirelessCommon\;C:\Users\David\AppData\Local\atom\bin;C:\Users\David\AppData\Local\GitHubDesktop\bin;C:\Users\David\AppData\Local\Programs\Microsoft VS Code\bin;C:\MinGW\bin;C:\Users\David\Documents\MAVEN\apache-maven-3.9.0-bin\apache-maven-3.9.0\bin;;."/>
    <property name="java.vm.info" value="mixed mode, sharing"/>
    <property name="java.vendor" value="Oracle Corporation"/>
    <property name="java.vm.version" value="15.0.2+7-27"/>
    <property name="sun.io.unicode.encoding" value="UnicodeLittle"/>
    <property name="java.class.version" value="59.0"/>
  </properties>
  <testcase name="shouldNotBeValidForInvalidAge" classname="edu.eci.cvds.tdd.registry.RegistryTest" time="0.004"/>
  <testcase name="shouldNotBeValidForAge" classname="edu.eci.cvds.tdd.registry.RegistryTest" time="0"/>
  <testcase name="shouldNotBeValidForDeath" classname="edu.eci.cvds.tdd.registry.RegistryTest" time="0"/>
  <testcase name="validateRegistryResult" classname="edu.eci.cvds.tdd.registry.RegistryTest" time="0.001"/>
  <testcase name="shouldNotBeValidForDuplicate" classname="edu.eci.cvds.tdd.registry.RegistryTest" time="0"/>
</testsuite>